#-----------------------------------------------------------
# xsim v2021.2 (64-bit)
# SW Build 3367213 on Tue Oct 19 02:47:39 MDT 2021
# IP Build 3369179 on Thu Oct 21 08:25:16 MDT 2021
# Start of session at: Fri Dec  8 11:52:27 2023
# Process ID: 2748095
# Current directory: /shares/zitipoolhome/ub305/project_7/sim
# Command line: xsim -mode tcl -source {xsim.dir/ParallelCounter_tb_snapshot/xsim_script.tcl}
# Log file: /shares/zitipoolhome/ub305/project_7/sim/xsim.log
# Journal file: /shares/zitipoolhome/ub305/project_7/sim/xsim.jou
# Running On: nct-epic, OS: Linux, CPU Frequency: 1199.832 MHz, CPU Physical cores: 32, Host memory: 676204 MB
#-----------------------------------------------------------
source xsim.dir/ParallelCounter_tb_snapshot/xsim_script.tcl
# xsim {ParallelCounter_tb_snapshot} -autoloadwcfg -runall
Time resolution is 1 ps
run -all
counter1 Counter Value: x time:                10000
counter2 Counter Value: x time:                10000
counter1 Counter Value: x time:                20000
counter2 Counter Value: x time:                20000
counter1 Counter Value: x time:                30000
counter2 Counter Value: x time:                30000
counter1 Counter Value: x time:                40000
counter2 Counter Value: x time:                40000
counter1 Counter Value: x time:                50000
counter2 Counter Value: x time:                50000
$finish called at time : 100 ns : File "/shares/zitipoolhome/ub305/project_7/src/ParallelCounter_tb.sv" Line 44
exit
INFO: [Common 17-206] Exiting xsim at Fri Dec  8 11:52:39 2023...
