#-----------------------------------------------------------
# xsim v2021.2 (64-bit)
# SW Build 3367213 on Tue Oct 19 02:47:39 MDT 2021
# IP Build 3369179 on Thu Oct 21 08:25:16 MDT 2021
# Start of session at: Mon Mar 25 17:57:04 2024
# Process ID: 2341443
# Current directory: /shares/zitipoolhome/ub305/Verilog/project_4/rom/sim
# Command line: xsim -mode tcl -source {xsim.dir/ROM_tb_snapshot/xsim_script.tcl}
# Log file: /shares/zitipoolhome/ub305/Verilog/project_4/rom/sim/xsim.log
# Journal file: /shares/zitipoolhome/ub305/Verilog/project_4/rom/sim/xsim.jou
# Running On: nct-epic, OS: Linux, CPU Frequency: 1199.749 MHz, CPU Physical cores: 32, Host memory: 676204 MB
#-----------------------------------------------------------
source xsim.dir/ROM_tb_snapshot/xsim_script.tcl
# xsim {ROM_tb_snapshot} -autoloadwcfg -tclbatch {Makefile_cfg_xsim.tcl}
Time resolution is 1 ps
source Makefile_cfg_xsim.tcl
## log_wave -recursive *
## run all
$finish called at time : 180 ns : File "/shares/zitipoolhome/ub305/Verilog/project_4/rom/src/ROM_tb.sv" Line 42
## exit
INFO: [Common 17-206] Exiting xsim at Mon Mar 25 17:57:15 2024...
